
[2026-03-19T16:44:24.686Z] RECIBIENDO INFORME: 8c536a63-0935-4ded-a5d2-6e5dfe8044be
Comercial Data: {"ruc":"dasdsa","doi_numero":"","tipo_persona":"juridica","tipo_doi":"dni","estado_civil":"soltero",...
Patrimonial Data: {"nombre_completo":"dasdas","doi_numero":"das","estado_civil":"soltero","conyuge_nombre":"","conyuge...

[2026-03-19T16:44:46.184Z] RECIBIENDO INFORME: 7d86f3ef-743e-44ef-b973-b02ec3c8aa4b
Comercial Data: {"ruc":"dasdsa","doi_numero":"","tipo_persona":"juridica","tipo_doi":"dni","estado_civil":"soltero",...
Patrimonial Data: {"nombre_completo":"dasdas","doi_numero":"das","estado_civil":"soltero","conyuge_nombre":"","conyuge...

[2026-03-19T16:45:04.101Z] RECIBIENDO INFORME: c1fc34b7-854a-4df6-8489-e2e96a3d18f3
Comercial Data: {"ruc":"dsadas","doi_numero":"","tipo_persona":"juridica","tipo_doi":"dni","estado_civil":"soltero",...
Patrimonial Data: {"nombre_completo":"dsada","doi_numero":"dasdsa","estado_civil":"soltero","conyuge_nombre":"","conyu...

[2026-03-19T16:45:10.863Z] RECIBIENDO INFORME: 63e494e2-3fec-4b43-8f71-b754d3b6dd4d
Comercial Data: {"ruc":"dsadas","doi_numero":"","tipo_persona":"juridica","tipo_doi":"dni","estado_civil":"soltero",...
Patrimonial Data: {"nombre_completo":"dsada","doi_numero":"dasdsa","estado_civil":"soltero","conyuge_nombre":"","conyu...

[2026-03-19T16:50:08.071Z] RECIBIENDO INFORME: 83bcf997-d4e8-4453-ae2d-02265c34f3d2
Comercial Data: {"ruc":"dasdas","doi_numero":"dasdas","tipo_persona":"juridica","tipo_doi":"dni","estado_civil":"sol...
Patrimonial Data: {"nombre_completo":"dasd","doi_numero":"dasdasda","estado_civil":"soltero","conyuge_nombre":"","cony...
[2026-03-19T16:50:08.278Z] ERROR: Unknown column 'ejecutivo1_nombre' in 'field list'
Error: Unknown column 'ejecutivo1_nombre' in 'field list'
    at PromisePoolConnection.execute (C:\Users\arodriguezy\Desktop\aesthetic-data-entry-main\aesthetic-data-entry-main\node_modules\mysql2\lib\promise\connection.js:47:22)
    at C:\Users\arodriguezy\Desktop\aesthetic-data-entry-main\aesthetic-data-entry-main\aws_backend.cjs:194:26
    at process.processTicksAndRejections (node:internal/process/task_queues:105:5)

[2026-03-19T16:50:47.493Z] RECIBIENDO INFORME: 111f2e4d-d826-4065-9d66-7092f7c3462f
Comercial Data: {"ruc":"dasdas","doi_numero":"dasdas","tipo_persona":"juridica","tipo_doi":"dni","estado_civil":"sol...
Patrimonial Data: {"nombre_completo":"dasd","doi_numero":"dasdasda","estado_civil":"soltero","conyuge_nombre":"","cony...
[2026-03-19T16:50:47.862Z] ERROR: Unknown column 'ejecutivo1_nombre' in 'field list'
Error: Unknown column 'ejecutivo1_nombre' in 'field list'
    at PromisePoolConnection.execute (C:\Users\arodriguezy\Desktop\aesthetic-data-entry-main\aesthetic-data-entry-main\node_modules\mysql2\lib\promise\connection.js:47:22)
    at C:\Users\arodriguezy\Desktop\aesthetic-data-entry-main\aesthetic-data-entry-main\aws_backend.cjs:194:26
    at process.processTicksAndRejections (node:internal/process/task_queues:105:5)

[2026-03-19T16:53:49.105Z] RECIBIENDO INFORME: d1fed83a-e6eb-496a-8431-3ca12f671797
Comercial Data: {"ruc":"dasdas","doi_numero":"dasdas","tipo_persona":"juridica","tipo_doi":"dni","estado_civil":"sol...
Patrimonial Data: {"nombre_completo":"dasd","doi_numero":"dasdasda","estado_civil":"soltero","conyuge_nombre":"","cony...
[2026-03-19T16:53:50.215Z] OK: Guardado exitoso d1fed83a-e6eb-496a-8431-3ca12f671797

[2026-03-24T23:17:41.530Z] RECIBIENDO INFORME: a47e6988-a981-489e-a2fe-54ca0e27e681
Comercial Data: {"ruc":"20511855366","doi_numero":"","tipo_persona":"juridica","tipo_doi":"dni","estado_civil":"solt...
Patrimonial Data: {"nombre_completo":"PARDO´S CHICKEN S.A.C.","doi_numero":"20511855366","estado_civil":"soltero","con...
[2026-03-24T23:17:42.551Z] OK: Guardado exitoso a47e6988-a981-489e-a2fe-54ca0e27e681

[2026-03-25T16:55:06.005Z] RECIBIENDO INFORME: 0ce99bee-5397-45ae-a066-518483d00d18
Comercial Data: {"ruc":"20511855366","doi_numero":"","tipo_persona":"juridica","tipo_doi":"dni","estado_civil":"solt...
Patrimonial Data: {"nombre_completo":"PARDO´S CHICKEN S.A.C.","doi_numero":"20511855366","estado_civil":"soltero","con...
[2026-03-25T16:55:06.720Z] OK: Guardado exitoso 0ce99bee-5397-45ae-a066-518483d00d18

[2026-03-25T17:26:01.230Z] RECIBIENDO INFORME: c26f25e5-f40e-4f73-a09e-32566e7f5097
Comercial Data: {"ruc":"","doi_numero":"","tipo_persona":"juridica","tipo_doi":"dni","estado_civil":"soltero","razon...
Patrimonial Data: {"nombre_completo":"","doi_numero":"","estado_civil":"soltero","conyuge_nombre":"","conyuge_dni":"",...
[2026-03-25T17:26:02.549Z] OK: Guardado exitoso c26f25e5-f40e-4f73-a09e-32566e7f5097

[2026-03-25T17:55:48.952Z] RECIBIENDO INFORME: 8be53e1e-64c6-4b13-9785-1d24230c2999
Comercial Data: {"ruc":"20511855366","doi_numero":"","tipo_persona":"juridica","tipo_doi":"dni","estado_civil":"solt...
Patrimonial Data: {"nombre_completo":"PARDO´S CHICKEN S.A.C.","doi_numero":"20511855366","estado_civil":"soltero","con...
[2026-03-25T17:55:49.977Z] OK: Guardado exitoso 8be53e1e-64c6-4b13-9785-1d24230c2999

[2026-03-25T19:37:56.165Z] RECIBIENDO INFORME: 8be53e1e-64c6-4b13-9785-1d24230c2999
Comercial Data: {"id":"8be53e1e-64c6-4b13-9785-1d24230c2999","comercial_id":"1bfa3101-76e2-4f47-9373-ddb9b5443720","...
Patrimonial Data: {"id":"8be53e1e-64c6-4b13-9785-1d24230c2999","comercial_id":"1bfa3101-76e2-4f47-9373-ddb9b5443720","...
[2026-03-25T19:37:57.291Z] OK: Guardado exitoso 8be53e1e-64c6-4b13-9785-1d24230c2999
